[M::ha_analyze_count] lowest: count[28] = 80355
[M::ha_analyze_count] highest: count[29] = 80863
[M::ha_hist_line]     2: ****************************************************************************************************> 34837528
[M::ha_hist_line]     3: ****************************************************************************************************> 11425280
[M::ha_hist_line]     4: ****************************************************************************************************> 4859044
[M::ha_hist_line]     5: ****************************************************************************************************> 2442827
[M::ha_hist_line]     6: ****************************************************************************************************> 1425517
[M::ha_hist_line]     7: ****************************************************************************************************> 923603
[M::ha_hist_line]     8: ****************************************************************************************************> 683096
[M::ha_hist_line]     9: ****************************************************************************************************> 524927
[M::ha_hist_line]    10: ****************************************************************************************************> 415187
[M::ha_hist_line]    11: ****************************************************************************************************> 340411
[M::ha_hist_line]    12: ****************************************************************************************************> 292992
[M::ha_hist_line]    13: ****************************************************************************************************> 263636
[M::ha_hist_line]    14: ****************************************************************************************************> 237971
[M::ha_hist_line]    15: ****************************************************************************************************> 219345
[M::ha_hist_line]    16: ****************************************************************************************************> 189285
[M::ha_hist_line]    17: ****************************************************************************************************> 174669
[M::ha_hist_line]    18: ****************************************************************************************************> 171232
[M::ha_hist_line]    19: ****************************************************************************************************> 164845
[M::ha_hist_line]    20: ****************************************************************************************************> 153004
[M::ha_hist_line]    21: ****************************************************************************************************> 138573
[M::ha_hist_line]    22: ****************************************************************************************************> 125978
[M::ha_hist_line]    23: ****************************************************************************************************> 120487
[M::ha_hist_line]    24: ****************************************************************************************************> 115687
[M::ha_hist_line]    25: ****************************************************************************************************> 106749
[M::ha_hist_line]    26: ****************************************************************************************************> 97797
[M::ha_hist_line]    27: ****************************************************************************************************> 89299
[M::ha_hist_line]    28: *************************************************************************************************** 80355
[M::ha_hist_line]    29: **************************************************************************************************** 80863
[M::ha_hist_line]    30: *************************************************************************************************** 79704
[M::ha_hist_line]    31: ****************************************************************************************** 72809
[M::ha_hist_line]    32: ********************************************************************************** 65990
[M::ha_hist_line]    33: ******************************************************************************* 64147
[M::ha_hist_line]    34: ************************************************************************* 58900
[M::ha_hist_line]    35: ************************************************************************* 58732
[M::ha_hist_line]    36: ********************************************************************* 55954
[M::ha_hist_line]    37: ************************************************************************ 58180
[M::ha_hist_line]    38: ************************************************************************* 58998
[M::ha_hist_line]    39: ********************************************************************* 55548
[M::ha_hist_line]    40: ******************************************************************* 54462
[M::ha_hist_line]    41: **************************************************************** 51497
[M::ha_hist_line]    42: **************************************************************** 51687
[M::ha_hist_line]    43: **************************************************************** 51502
[M::ha_hist_line]    44: ********************************************************* 46215
[M::ha_hist_line]    45: ***************************************************** 43012
[M::ha_hist_line]    46: **************************************************** 42314
[M::ha_hist_line]    47: ************************************************** 40315
[M::ha_hist_line]    48: **************************************************** 41686
[M::ha_hist_line]    49: *************************************************** 40858
[M::ha_hist_line]    50: *************************************************** 41258
[M::ha_hist_line]    51: ************************************************** 40202
[M::ha_hist_line]    52: ********************************************** 37103
[M::ha_hist_line]    53: ******************************************** 35870
[M::ha_hist_line]    54: ****************************************** 34201
[M::ha_hist_line]    55: ***************************************** 33133
[M::ha_hist_line]    56: ******************************************** 35453
[M::ha_hist_line]    57: ************************************************ 39036
[M::ha_hist_line]    58: ************************************************* 39938
[M::ha_hist_line]    59: *************************************************** 41107
[M::ha_hist_line]    60: ****************************************************** 44030
[M::ha_hist_line]    61: ***************************************************** 42882
[M::ha_hist_line]    62: ***************************************************** 43011
[M::ha_hist_line]    63: ***************************************************** 42458
[M::ha_hist_line]    64: ******************************************************* 44771
[M::ha_hist_line]    65: ********************************************************* 45849
[M::ha_hist_line]    66: ******************************************************** 45545
[M::ha_hist_line]    67: ********************************************************* 45950
[M::ha_hist_line]    68: **************************************************** 42160
[M::ha_hist_line]    69: ***************************************************** 42538
[M::ha_hist_line]    70: ************************************************** 40577
[M::ha_hist_line]    71: *********************************************** 37755
[M::ha_hist_line]    72: *********************************************** 37857
[M::ha_hist_line]    73: ******************************************** 35459
[M::ha_hist_line]    74: ******************************************** 35276
[M::ha_hist_line]    75: ********************************************* 36143
[M::ha_hist_line]    76: ****************************************** 33637
[M::ha_hist_line]    77: ****************************************** 33704
[M::ha_hist_line]    78: ****************************************** 33982
[M::ha_hist_line]    79: **************************************** 32316
[M::ha_hist_line]    80: **************************************** 32042
[M::ha_hist_line]    81: ************************************* 29723
[M::ha_hist_line]    82: ************************************ 28843
[M::ha_hist_line]    83: *********************************** 28418
[M::ha_hist_line]    84: ******************************** 25671
[M::ha_hist_line]    85: ******************************** 25613
[M::ha_hist_line]    86: ***************************** 23829
[M::ha_hist_line]    87: ************************** 20874
[M::ha_hist_line]    88: *********************** 18840
[M::ha_hist_line]    89: ********************** 17968
[M::ha_hist_line]    90: ********************* 16876
[M::ha_hist_line]    91: ******************* 15338
[M::ha_hist_line]    92: ******************* 15564
[M::ha_hist_line]    93: ***************** 13788
[M::ha_hist_line]    94: *************** 11977
[M::ha_hist_line]    95: ************** 11607
[M::ha_hist_line]    96: ************** 11151
[M::ha_hist_line]    97: ************* 10418
[M::ha_hist_line]    98: ************ 9395
[M::ha_hist_line]    99: *********** 8964
[M::ha_hist_line]   100: ********** 8158
[M::ha_hist_line]   101: ********* 7474
[M::ha_hist_line]   102: ******** 6781
[M::ha_hist_line]   103: ******** 6326
[M::ha_hist_line]   104: ******** 6333
[M::ha_hist_line]   105: ******* 5709
[M::ha_hist_line]   106: ******* 5692
[M::ha_hist_line]   107: ******** 6114
[M::ha_hist_line]   108: ******** 6187
[M::ha_hist_line]   109: ******* 6033
[M::ha_hist_line]   110: ******** 6096
[M::ha_hist_line]   111: ******* 6011
[M::ha_hist_line]   112: ******* 5928
[M::ha_hist_line]   113: ******* 5306
[M::ha_hist_line]   114: ******* 5482
[M::ha_hist_line]   115: ******* 5756
[M::ha_hist_line]   116: ******* 5763
[M::ha_hist_line]   117: ******* 5565
[M::ha_hist_line]   118: ****** 5244
[M::ha_hist_line]   119: ****** 4972
[M::ha_hist_line]   120: ******* 5373
[M::ha_hist_line]   121: ******* 5579
[M::ha_hist_line]   122: ******* 5791
[M::ha_hist_line]   123: ******* 5756
[M::ha_hist_line]   124: ******** 6123
[M::ha_hist_line]   125: ******* 5727
[M::ha_hist_line]   126: ******* 5840
[M::ha_hist_line]   127: ******* 5782
[M::ha_hist_line]   128: ******* 5794
[M::ha_hist_line]   129: ******* 5648
[M::ha_hist_line]   130: ******* 5403
[M::ha_hist_line]   131: ******** 6189
[M::ha_hist_line]   132: ******** 6567
[M::ha_hist_line]   133: ******** 6579
[M::ha_hist_line]   134: ******** 6395
[M::ha_hist_line]   135: ******** 6319
[M::ha_hist_line]   136: ******** 6118
[M::ha_hist_line]   137: ******* 5801
[M::ha_hist_line]   138: ******** 6403
[M::ha_hist_line]   139: ******** 6412
[M::ha_hist_line]   140: ******** 6448
[M::ha_hist_line]   141: ******** 6427
[M::ha_hist_line]   142: ******** 6806
[M::ha_hist_line]   143: ********* 7008
[M::ha_hist_line]   144: ******** 6861
[M::ha_hist_line]   145: ******** 6661
[M::ha_hist_line]   146: ********* 7480
[M::ha_hist_line]   147: ******** 6818
[M::ha_hist_line]   148: ******** 6871
[M::ha_hist_line]   149: ******* 6027
[M::ha_hist_line]   150: ******* 5866
[M::ha_hist_line]   151: ******* 5593
[M::ha_hist_line]   152: ******* 5594
[M::ha_hist_line]   153: ******* 5456
[M::ha_hist_line]   154: ****** 4614
[M::ha_hist_line]   155: ***** 4104
[M::ha_hist_line]   156: ***** 4412
[M::ha_hist_line]   157: ***** 4090
[M::ha_hist_line]   158: **** 3571
[M::ha_hist_line]   159: **** 3492
[M::ha_hist_line]   160: **** 3588
[M::ha_hist_line]   161: **** 3288
[M::ha_hist_line]   162: **** 3290
[M::ha_hist_line]   163: *** 2812
[M::ha_hist_line]   164: **** 2908
[M::ha_hist_line]   165: *** 2776
[M::ha_hist_line]   166: *** 2676
[M::ha_hist_line]   167: **** 2933
[M::ha_hist_line]   168: *** 2755
[M::ha_hist_line]   169: *** 2383
[M::ha_hist_line]   170: *** 2467
[M::ha_hist_line]   171: *** 2454
[M::ha_hist_line]   172: *** 2521
[M::ha_hist_line]   173: *** 2508
[M::ha_hist_line]   174: *** 2620
[M::ha_hist_line]   175: *** 2669
[M::ha_hist_line]   176: *** 2423
[M::ha_hist_line]   177: *** 2392
[M::ha_hist_line]   178: *** 2173
[M::ha_hist_line]   179: ** 2011
[M::ha_hist_line]   180: ** 1805
[M::ha_hist_line]   181: ** 1830
[M::ha_hist_line]   182: ** 1788
[M::ha_hist_line]   183: ** 1862
[M::ha_hist_line]   184: *** 2099
[M::ha_hist_line]   185: *** 2215
[M::ha_hist_line]   186: ** 1936
[M::ha_hist_line]   187: ** 1711
[M::ha_hist_line]   188: ** 1777
[M::ha_hist_line]   189: ** 1792
[M::ha_hist_line]   190: ** 1709
[M::ha_hist_line]   191: ** 1613
[M::ha_hist_line]   192: ** 1488
[M::ha_hist_line]   193: ** 1515
[M::ha_hist_line]   194: ** 1585
[M::ha_hist_line]   195: * 1189
[M::ha_hist_line]   196: ** 1391
[M::ha_hist_line]   197: ** 1298
[M::ha_hist_line]   198: ** 1279
[M::ha_hist_line]   199: * 1152
[M::ha_hist_line]   200: * 1128
[M::ha_hist_line]   201: ** 1388
[M::ha_hist_line]   202: ** 1323
[M::ha_hist_line]   203: ** 1607
[M::ha_hist_line]   204: ** 1401
[M::ha_hist_line]   205: ** 1377
[M::ha_hist_line]   206: ** 1263
[M::ha_hist_line]   207: ** 1361
[M::ha_hist_line]   208: ** 1314
[M::ha_hist_line]   209: * 1121
[M::ha_hist_line]   210: ** 1249
[M::ha_hist_line]   211: * 1149
[M::ha_hist_line]   212: ** 1246
[M::ha_hist_line]   213: ** 1291
[M::ha_hist_line]   214: * 1127
[M::ha_hist_line]   215: * 1011
[M::ha_hist_line]   216: * 1008
[M::ha_hist_line]   217: * 948
[M::ha_hist_line]   218: * 1114
[M::ha_hist_line]   219: * 1019
[M::ha_hist_line]   220: * 1034
[M::ha_hist_line]   221: * 1001
[M::ha_hist_line]   222: * 1102
[M::ha_hist_line]   223: * 852
[M::ha_hist_line]   224: * 1008
[M::ha_hist_line]   225: * 1038
[M::ha_hist_line]   226: * 1044
[M::ha_hist_line]   227: * 1010
[M::ha_hist_line]   228: * 975
[M::ha_hist_line]   229: * 856
[M::ha_hist_line]   230: * 912
[M::ha_hist_line]   231: * 974
[M::ha_hist_line]   232: * 1121
[M::ha_hist_line]   233: * 1107
[M::ha_hist_line]   234: ** 1271
[M::ha_hist_line]   235: ** 1292
[M::ha_hist_line]   236: * 1203
[M::ha_hist_line]   237: ** 1288
[M::ha_hist_line]   238: ** 1348
[M::ha_hist_line]   239: * 1137
[M::ha_hist_line]   240: * 1161
[M::ha_hist_line]   241: * 1039
[M::ha_hist_line]   242: * 1104
[M::ha_hist_line]   243: * 931
[M::ha_hist_line]   244: * 952
[M::ha_hist_line]   245: * 1024
[M::ha_hist_line]   246: * 1072
[M::ha_hist_line]   247: * 1052
[M::ha_hist_line]   248: ** 1278
[M::ha_hist_line]   249: * 1182
[M::ha_hist_line]   250: * 1005
[M::ha_hist_line]   251: * 937
[M::ha_hist_line]   252: * 1097
[M::ha_hist_line]   253: * 1069
[M::ha_hist_line]   254: * 1017
[M::ha_hist_line]   255: * 895
[M::ha_hist_line]   256: * 841
[M::ha_hist_line]   257: * 786
[M::ha_hist_line]   258: * 803
[M::ha_hist_line]   259: * 805
[M::ha_hist_line]   260: * 781
[M::ha_hist_line]   261: * 714
[M::ha_hist_line]   262: * 668
[M::ha_hist_line]   263: * 696
[M::ha_hist_line]   264: * 630
[M::ha_hist_line]   265: * 694
[M::ha_hist_line]   266: * 578
[M::ha_hist_line]   267: * 742
[M::ha_hist_line]   268: * 692
[M::ha_hist_line]   269: * 671
[M::ha_hist_line]   270: * 712
[M::ha_hist_line]   271: * 686
[M::ha_hist_line]   272: * 549
[M::ha_hist_line]   273: * 480
[M::ha_hist_line]   274: * 503
[M::ha_hist_line]   275: * 551
[M::ha_hist_line]   276: * 443
[M::ha_hist_line]   277: * 608
[M::ha_hist_line]   278: * 641
[M::ha_hist_line]   279: * 618
[M::ha_hist_line]   280: * 540
[M::ha_hist_line]   281: * 533
[M::ha_hist_line]   282: * 406
[M::ha_hist_line]   283: * 448
[M::ha_hist_line]  rest: ***************************************************************** 52278
[M::ha_analyze_count] left: none
[M::ha_analyze_count] right: count[38] = 58998
[M::ha_ft_gen] peak_hom: 38; peak_het: 29
[M::ha_ct_shrink::16.570*3.76] ==> counted 147149 distinct minimizer k-mers
[M::ha_ft_gen::16.652*3.74@17.671GB] ==> filtered out 147149 k-mers occurring 190 or more times
[M::ha_opt_update_cov] updated max_n_chain to 190
[M::yak_count] collected 25279483 minimizers
[M::ha_pt_gen::19.833*4.52] ==> counted 8981293 distinct minimizer k-mers
[M::ha_pt_gen] count[4095] = 0 (for sanity check)
[M::ha_analyze_count] lowest: count[17] = 7295
[M::ha_analyze_count] highest: count[18] = 7401
[M::ha_hist_line]     1: ****************************************************************************************************> 6444758
[M::ha_hist_line]     2: ****************************************************************************************************> 1361105
[M::ha_hist_line]     3: ****************************************************************************************************> 447585
[M::ha_hist_line]     4: ****************************************************************************************************> 192202
[M::ha_hist_line]     5: ****************************************************************************************************> 97706
[M::ha_hist_line]     6: ****************************************************************************************************> 57554
[M::ha_hist_line]     7: ****************************************************************************************************> 37931
[M::ha_hist_line]     8: ****************************************************************************************************> 28241
[M::ha_hist_line]     9: ****************************************************************************************************> 21894
[M::ha_hist_line]    10: ****************************************************************************************************> 17275
[M::ha_hist_line]    11: ****************************************************************************************************> 14345
[M::ha_hist_line]    12: ****************************************************************************************************> 12410
[M::ha_hist_line]    13: ****************************************************************************************************> 10883
[M::ha_hist_line]    14: ****************************************************************************************************> 10014
[M::ha_hist_line]    15: ****************************************************************************************************> 9075
[M::ha_hist_line]    16: ****************************************************************************************************> 8114
[M::ha_hist_line]    17: *************************************************************************************************** 7295
[M::ha_hist_line]    18: **************************************************************************************************** 7401
[M::ha_hist_line]    19: ********************************************************************************************** 6949
[M::ha_hist_line]    20: ************************************************************************************** 6353
[M::ha_hist_line]    21: ******************************************************************************* 5847
[M::ha_hist_line]    22: ************************************************************************* 5428
[M::ha_hist_line]    23: ********************************************************************* 5117
[M::ha_hist_line]    24: ****************************************************************** 4911
[M::ha_hist_line]    25: ************************************************************** 4557
[M::ha_hist_line]    26: ******************************************************** 4153
[M::ha_hist_line]    27: ****************************************************** 3983
[M::ha_hist_line]    28: ************************************************ 3549
[M::ha_hist_line]    29: ************************************************* 3601
[M::ha_hist_line]    30: ********************************************** 3429
[M::ha_hist_line]    31: ******************************************* 3180
[M::ha_hist_line]    32: *************************************** 2904
[M::ha_hist_line]    33: ************************************** 2847
[M::ha_hist_line]    34: *********************************** 2595
[M::ha_hist_line]    35: ************************************ 2635
[M::ha_hist_line]    36: *********************************** 2557
[M::ha_hist_line]    37: ************************************ 2655
[M::ha_hist_line]    38: *********************************** 2616
[M::ha_hist_line]    39: ********************************* 2460
[M::ha_hist_line]    40: ********************************* 2425
[M::ha_hist_line]    41: ******************************** 2336
[M::ha_hist_line]    42: ******************************* 2331
[M::ha_hist_line]    43: ******************************* 2284
[M::ha_hist_line]    44: **************************** 2069
[M::ha_hist_line]    45: ************************** 1939
[M::ha_hist_line]    46: ************************** 1943
[M::ha_hist_line]    47: ************************** 1928
[M::ha_hist_line]    48: ************************** 1912
[M::ha_hist_line]    49: ************************** 1940
[M::ha_hist_line]    50: ************************* 1857
[M::ha_hist_line]    51: ************************* 1840
[M::ha_hist_line]    52: ********************** 1629
[M::ha_hist_line]    53: ********************** 1616
[M::ha_hist_line]    54: ********************* 1560
[M::ha_hist_line]    55: ******************** 1511
[M::ha_hist_line]    56: ********************** 1624
[M::ha_hist_line]    57: ************************ 1782
[M::ha_hist_line]    58: ************************ 1742
[M::ha_hist_line]    59: ************************* 1869
[M::ha_hist_line]    60: ************************* 1839
[M::ha_hist_line]    61: ************************ 1795
[M::ha_hist_line]    62: ************************* 1873
[M::ha_hist_line]    63: ************************** 1932
[M::ha_hist_line]    64: *************************** 1978
[M::ha_hist_line]    65: ************************** 1951
[M::ha_hist_line]    66: ************************** 1938
[M::ha_hist_line]    67: ************************** 1940
[M::ha_hist_line]    68: ************************* 1833
[M::ha_hist_line]    69: ************************* 1834
[M::ha_hist_line]    70: *********************** 1739
[M::ha_hist_line]    71: ********************** 1592
[M::ha_hist_line]    72: *********************** 1689
[M::ha_hist_line]    73: ********************* 1564
[M::ha_hist_line]    74: ******************** 1481
[M::ha_hist_line]    75: ********************** 1614
[M::ha_hist_line]    76: ******************* 1434
[M::ha_hist_line]    77: ******************** 1445
[M::ha_hist_line]    78: ******************** 1475
[M::ha_hist_line]    79: ****************** 1369
[M::ha_hist_line]    80: ****************** 1357
[M::ha_hist_line]    81: ****************** 1363
[M::ha_hist_line]    82: ****************** 1306
[M::ha_hist_line]    83: ***************** 1250
[M::ha_hist_line]    84: *************** 1134
[M::ha_hist_line]    85: ************** 1045
[M::ha_hist_line]    86: ************** 1033
[M::ha_hist_line]    87: ************* 947
[M::ha_hist_line]    88: *********** 847
[M::ha_hist_line]    89: *********** 850
[M::ha_hist_line]    90: ********** 776
[M::ha_hist_line]    91: ********* 687
[M::ha_hist_line]    92: ********* 661
[M::ha_hist_line]    93: ******** 610
[M::ha_hist_line]    94: ******** 586
[M::ha_hist_line]    95: ******** 581
[M::ha_hist_line]    96: ******** 561
[M::ha_hist_line]    97: ******* 518
[M::ha_hist_line]    98: ******* 486
[M::ha_hist_line]    99: ******* 493
[M::ha_hist_line]   100: ****** 469
[M::ha_hist_line]   101: ****** 410
[M::ha_hist_line]   102: ***** 401
[M::ha_hist_line]   103: ***** 365
[M::ha_hist_line]   104: ***** 340
[M::ha_hist_line]   105: ***** 339
[M::ha_hist_line]   106: ***** 383
[M::ha_hist_line]   107: ***** 362
[M::ha_hist_line]   108: ***** 347
[M::ha_hist_line]   109: ***** 347
[M::ha_hist_line]   110: **** 297
[M::ha_hist_line]   111: ***** 368
[M::ha_hist_line]   112: **** 333
[M::ha_hist_line]   113: **** 313
[M::ha_hist_line]   114: **** 297
[M::ha_hist_line]   115: ***** 357
[M::ha_hist_line]   116: **** 285
[M::ha_hist_line]   117: **** 317
[M::ha_hist_line]   118: **** 293
[M::ha_hist_line]   119: **** 260
[M::ha_hist_line]   120: **** 316
[M::ha_hist_line]   121: **** 292
[M::ha_hist_line]   122: **** 264
[M::ha_hist_line]   123: **** 326
[M::ha_hist_line]   124: **** 321
[M::ha_hist_line]   125: **** 308
[M::ha_hist_line]   126: **** 308
[M::ha_hist_line]   127: **** 281
[M::ha_hist_line]   128: **** 314
[M::ha_hist_line]   129: **** 303
[M::ha_hist_line]   130: **** 319
[M::ha_hist_line]   131: ***** 366
[M::ha_hist_line]   132: ***** 367
[M::ha_hist_line]   133: ***** 350
[M::ha_hist_line]   134: **** 330
[M::ha_hist_line]   135: ***** 339
[M::ha_hist_line]   136: **** 317
[M::ha_hist_line]   137: ***** 345
[M::ha_hist_line]   138: ***** 353
[M::ha_hist_line]   139: **** 328
[M::ha_hist_line]   140: ***** 343
[M::ha_hist_line]   141: ***** 360
[M::ha_hist_line]   142: ***** 376
[M::ha_hist_line]   143: **** 331
[M::ha_hist_line]   144: ***** 356
[M::ha_hist_line]   145: ***** 356
[M::ha_hist_line]   146: ***** 382
[M::ha_hist_line]   147: **** 302
[M::ha_hist_line]   148: **** 312
[M::ha_hist_line]   149: **** 302
[M::ha_hist_line]   150: **** 283
[M::ha_hist_line]   151: **** 268
[M::ha_hist_line]   152: **** 286
[M::ha_hist_line]   153: *** 257
[M::ha_hist_line]   154: *** 223
[M::ha_hist_line]   155: *** 204
[M::ha_hist_line]   156: *** 231
[M::ha_hist_line]   157: ** 176
[M::ha_hist_line]   158: *** 217
[M::ha_hist_line]   159: *** 188
[M::ha_hist_line]   160: ** 155
[M::ha_hist_line]   161: ** 184
[M::ha_hist_line]   162: ** 183
[M::ha_hist_line]   163: ** 163
[M::ha_hist_line]   164: ** 157
[M::ha_hist_line]   165: ** 158
[M::ha_hist_line]   166: ** 150
[M::ha_hist_line]   167: ** 134
[M::ha_hist_line]   168: ** 169
[M::ha_hist_line]   169: ** 139
[M::ha_hist_line]   170: ** 147
[M::ha_hist_line]   171: ** 147
[M::ha_hist_line]   172: ** 158
[M::ha_hist_line]   173: ** 136
[M::ha_hist_line]   174: ** 143
[M::ha_hist_line]   175: ** 162
[M::ha_hist_line]   176: ** 158
[M::ha_hist_line]   177: ** 149
[M::ha_hist_line]   178: ** 132
[M::ha_hist_line]   179: * 103
[M::ha_hist_line]   180: * 103
[M::ha_hist_line]   181: ** 117
[M::ha_hist_line]   182: ** 137
[M::ha_hist_line]   183: ** 139
[M::ha_hist_line]   184: ** 133
[M::ha_hist_line]   185: ** 153
[M::ha_hist_line]   186: ** 124
[M::ha_hist_line]   187: * 109
[M::ha_hist_line]   188: * 90
[M::ha_hist_line]   189: * 66
[M::ha_hist_line]  rest: ***** 355
[M::ha_analyze_count] left: none
[M::ha_analyze_count] right: none
[M::ha_pt_gen] peak_hom: 18; peak_het: -1
[M::ha_ct_shrink::19.861*4.52] ==> counted 2536535 distinct minimizer k-mers
[M::ha_pt_gen::] counting in normal mode
[M::yak_count] collected 25279483 minimizers
[M::ha_pt_gen::22.915*5.03] ==> indexed 18834725 positions, counted 2536535 distinct minimizer k-mers
[M::pec::118.636] # bases: 915077826; # corrected bases: 1457094
[M::pec::0.360] # exact o: 2885714; # non-exact o: 573390
[M::ha_assemble::142.110*9.18@17.671GB] ==> corrected reads for round 1
[M::ha_assemble] # bases: 915077826; # corrected bases: 1457094
[M::yak_count] collected 25228164 minimizers
[M::ha_pt_gen::145.159*9.16] ==> counted 8614425 distinct minimizer k-mers
[M::ha_pt_gen] count[4095] = 0 (for sanity check)
[M::ha_analyze_count] lowest: count[17] = 7296
[M::ha_analyze_count] highest: count[18] = 7328
[M::ha_hist_line]     1: ****************************************************************************************************> 6093636
[M::ha_hist_line]     2: ****************************************************************************************************> 1310696
[M::ha_hist_line]     3: ****************************************************************************************************> 464103
[M::ha_hist_line]     4: ****************************************************************************************************> 199770
[M::ha_hist_line]     5: ****************************************************************************************************> 102129
[M::ha_hist_line]     6: ****************************************************************************************************> 59517
[M::ha_hist_line]     7: ****************************************************************************************************> 38755
[M::ha_hist_line]     8: ****************************************************************************************************> 28517
[M::ha_hist_line]     9: ****************************************************************************************************> 22423
[M::ha_hist_line]    10: ****************************************************************************************************> 17611
[M::ha_hist_line]    11: ****************************************************************************************************> 14301
[M::ha_hist_line]    12: ****************************************************************************************************> 12623
[M::ha_hist_line]    13: ****************************************************************************************************> 10991
[M::ha_hist_line]    14: ****************************************************************************************************> 9581
[M::ha_hist_line]    15: ****************************************************************************************************> 9317
[M::ha_hist_line]    16: ****************************************************************************************************> 8110
[M::ha_hist_line]    17: **************************************************************************************************** 7296
[M::ha_hist_line]    18: **************************************************************************************************** 7328
[M::ha_hist_line]    19: ********************************************************************************************** 6922
[M::ha_hist_line]    20: ***************************************************************************************** 6544
[M::ha_hist_line]    21: ****************************************************************************** 5743
[M::ha_hist_line]    22: *************************************************************************** 5464
[M::ha_hist_line]    23: *********************************************************************** 5173
[M::ha_hist_line]    24: ******************************************************************** 4969
[M::ha_hist_line]    25: ************************************************************** 4556
[M::ha_hist_line]    26: ********************************************************** 4284
[M::ha_hist_line]    27: ******************************************************** 4084
[M::ha_hist_line]    28: *********************************************** 3437
[M::ha_hist_line]    29: ************************************************* 3589
[M::ha_hist_line]    30: ************************************************ 3534
[M::ha_hist_line]    31: ********************************************* 3275
[M::ha_hist_line]    32: *************************************** 2890
[M::ha_hist_line]    33: ************************************** 2818
[M::ha_hist_line]    34: ************************************ 2608
[M::ha_hist_line]    35: ************************************ 2631
[M::ha_hist_line]    36: ********************************* 2407
[M::ha_hist_line]    37: *********************************** 2533
[M::ha_hist_line]    38: *********************************** 2567
[M::ha_hist_line]    39: ********************************** 2522
[M::ha_hist_line]    40: ********************************** 2472
[M::ha_hist_line]    41: ********************************* 2422
[M::ha_hist_line]    42: ******************************* 2241
[M::ha_hist_line]    43: ******************************* 2249
[M::ha_hist_line]    44: ***************************** 2139
[M::ha_hist_line]    45: **************************** 2071
[M::ha_hist_line]    46: ************************** 1939
[M::ha_hist_line]    47: ************************** 1901
[M::ha_hist_line]    48: ************************* 1852
[M::ha_hist_line]    49: ************************** 1917
[M::ha_hist_line]    50: ************************* 1828
[M::ha_hist_line]    51: ************************** 1920
[M::ha_hist_line]    52: ************************ 1793
[M::ha_hist_line]    53: ********************** 1598
[M::ha_hist_line]    54: ********************** 1607
[M::ha_hist_line]    55: ******************** 1463
[M::ha_hist_line]    56: ******************** 1469
[M::ha_hist_line]    57: ********************** 1576
[M::ha_hist_line]    58: ********************* 1571
[M::ha_hist_line]    59: ************************ 1743
[M::ha_hist_line]    60: ************************* 1815
[M::ha_hist_line]    61: ************************** 1888
[M::ha_hist_line]    62: ************************* 1834
[M::ha_hist_line]    63: ************************** 1886
[M::ha_hist_line]    64: ************************ 1779
[M::ha_hist_line]    65: ************************** 1913
[M::ha_hist_line]    66: ************************** 1931
[M::ha_hist_line]    67: ************************** 1912
[M::ha_hist_line]    68: ************************** 1906
[M::ha_hist_line]    69: ************************** 1869
[M::ha_hist_line]    70: ************************* 1830
[M::ha_hist_line]    71: *********************** 1650
[M::ha_hist_line]    72: ************************ 1752
[M::ha_hist_line]    73: ********************* 1523
[M::ha_hist_line]    74: ********************* 1574
[M::ha_hist_line]    75: ********************* 1560
[M::ha_hist_line]    76: ******************** 1472
[M::ha_hist_line]    77: ******************* 1400
[M::ha_hist_line]    78: ******************** 1469
[M::ha_hist_line]    79: ******************** 1453
[M::ha_hist_line]    80: ******************* 1409
[M::ha_hist_line]    81: ******************* 1361
[M::ha_hist_line]    82: ******************* 1356
[M::ha_hist_line]    83: ***************** 1262
[M::ha_hist_line]    84: ***************** 1247
[M::ha_hist_line]    85: **************** 1171
[M::ha_hist_line]    86: **************** 1167
[M::ha_hist_line]    87: **************** 1140
[M::ha_hist_line]    88: ************* 933
[M::ha_hist_line]    89: *********** 792
[M::ha_hist_line]    90: *********** 816
[M::ha_hist_line]    91: *********** 806
[M::ha_hist_line]    92: *********** 798
[M::ha_hist_line]    93: ********* 690
[M::ha_hist_line]    94: ********* 678
[M::ha_hist_line]    95: ******** 596
[M::ha_hist_line]    96: ******** 622
[M::ha_hist_line]    97: ******* 513
[M::ha_hist_line]    98: ******* 530
[M::ha_hist_line]    99: ******* 515
[M::ha_hist_line]   100: ****** 453
[M::ha_hist_line]   101: ****** 446
[M::ha_hist_line]   102: ***** 397
[M::ha_hist_line]   103: ****** 468
[M::ha_hist_line]   104: ***** 369
[M::ha_hist_line]   105: ***** 365
[M::ha_hist_line]   106: ***** 339
[M::ha_hist_line]   107: ***** 358
[M::ha_hist_line]   108: ***** 359
[M::ha_hist_line]   109: ***** 359
[M::ha_hist_line]   110: ***** 339
[M::ha_hist_line]   111: ***** 349
[M::ha_hist_line]   112: ***** 335
[M::ha_hist_line]   113: **** 313
[M::ha_hist_line]   114: **** 312
[M::ha_hist_line]   115: ***** 341
[M::ha_hist_line]   116: **** 324
[M::ha_hist_line]   117: **** 307
[M::ha_hist_line]   118: **** 262
[M::ha_hist_line]   119: **** 261
[M::ha_hist_line]   120: ***** 330
[M::ha_hist_line]   121: **** 260
[M::ha_hist_line]   122: **** 281
[M::ha_hist_line]   123: **** 305
[M::ha_hist_line]   124: **** 277
[M::ha_hist_line]   125: ***** 334
[M::ha_hist_line]   126: **** 290
[M::ha_hist_line]   127: **** 294
[M::ha_hist_line]   128: **** 258
[M::ha_hist_line]   129: **** 288
[M::ha_hist_line]   130: **** 307
[M::ha_hist_line]   131: **** 268
[M::ha_hist_line]   132: ***** 337
[M::ha_hist_line]   133: ***** 350
[M::ha_hist_line]   134: ***** 399
[M::ha_hist_line]   135: **** 307
[M::ha_hist_line]   136: ***** 355
[M::ha_hist_line]   137: **** 307
[M::ha_hist_line]   138: ***** 350
[M::ha_hist_line]   139: ***** 377
[M::ha_hist_line]   140: **** 294
[M::ha_hist_line]   141: **** 318
[M::ha_hist_line]   142: ***** 330
[M::ha_hist_line]   143: ***** 336
[M::ha_hist_line]   144: ***** 377
[M::ha_hist_line]   145: ***** 357
[M::ha_hist_line]   146: ***** 348
[M::ha_hist_line]   147: ***** 344
[M::ha_hist_line]   148: ***** 358
[M::ha_hist_line]   149: ***** 374
[M::ha_hist_line]   150: **** 292
[M::ha_hist_line]   151: **** 283
[M::ha_hist_line]   152: **** 277
[M::ha_hist_line]   153: **** 326
[M::ha_hist_line]   154: **** 262
[M::ha_hist_line]   155: **** 258
[M::ha_hist_line]   156: *** 256
[M::ha_hist_line]   157: *** 212
[M::ha_hist_line]   158: *** 232
[M::ha_hist_line]   159: *** 209
[M::ha_hist_line]   160: *** 202
[M::ha_hist_line]   161: *** 213
[M::ha_hist_line]   162: *** 186
[M::ha_hist_line]   163: ** 136
[M::ha_hist_line]   164: ** 163
[M::ha_hist_line]   165: ** 150
[M::ha_hist_line]   166: ** 173
[M::ha_hist_line]   167: ** 151
[M::ha_hist_line]   168: ** 141
[M::ha_hist_line]   169: ** 154
[M::ha_hist_line]   170: ** 183
[M::ha_hist_line]   171: ** 138
[M::ha_hist_line]   172: ** 140
[M::ha_hist_line]   173: ** 125
[M::ha_hist_line]   174: ** 136
[M::ha_hist_line]   175: ** 140
[M::ha_hist_line]   176: ** 163
[M::ha_hist_line]   177: ** 167
[M::ha_hist_line]   178: ** 163
[M::ha_hist_line]   179: ** 143
[M::ha_hist_line]   180: ** 166
[M::ha_hist_line]   181: ** 144
[M::ha_hist_line]   182: ** 127
[M::ha_hist_line]   183: * 96
[M::ha_hist_line]   184: ** 125
[M::ha_hist_line]   185: ** 113
[M::ha_hist_line]   186: * 104
[M::ha_hist_line]   187: ** 143
[M::ha_hist_line]   188: * 108
[M::ha_hist_line]   189: * 79
[M::ha_hist_line]   190: ** 118
[M::ha_hist_line]   191: * 96
[M::ha_hist_line]   192: * 91
[M::ha_hist_line]   193: * 67
[M::ha_hist_line]   194: * 51
[M::ha_hist_line]   195: * 40
[M::ha_hist_line]  rest: ***** 374
[M::ha_analyze_count] left: none
[M::ha_analyze_count] right: none
[M::ha_pt_gen] peak_hom: 18; peak_het: -1
[M::ha_ct_shrink::145.182*9.16] ==> counted 2520789 distinct minimizer k-mers
[M::ha_pt_gen::] counting in normal mode
[M::yak_count] collected 25228164 minimizers
[M::ha_pt_gen::148.251*9.14] ==> indexed 19134528 positions, counted 2520789 distinct minimizer k-mers
[M::pec::100.591] # bases: 915039385; # corrected bases: 89125
[M::pec::0.314] # exact o: 3444064; # non-exact o: 255194
[M::ha_assemble::249.289*9.48@17.671GB] ==> corrected reads for round 2
[M::ha_assemble] # bases: 915039385; # corrected bases: 89125
[M::yak_count] collected 25224413 minimizers
[M::ha_pt_gen::252.310*9.47] ==> counted 8590972 distinct minimizer k-mers
[M::ha_pt_gen] count[4095] = 0 (for sanity check)
[M::ha_analyze_count] lowest: count[17] = 7285
[M::ha_analyze_count] highest: count[18] = 7295
[M::ha_hist_line]     1: ****************************************************************************************************> 6072098
[M::ha_hist_line]     2: ****************************************************************************************************> 1305383
[M::ha_hist_line]     3: ****************************************************************************************************> 466170
[M::ha_hist_line]     4: ****************************************************************************************************> 200005
[M::ha_hist_line]     5: ****************************************************************************************************> 102752
[M::ha_hist_line]     6: ****************************************************************************************************> 59829
[M::ha_hist_line]     7: ****************************************************************************************************> 38701
[M::ha_hist_line]     8: ****************************************************************************************************> 28604
[M::ha_hist_line]     9: ****************************************************************************************************> 22454
[M::ha_hist_line]    10: ****************************************************************************************************> 17625
[M::ha_hist_line]    11: ****************************************************************************************************> 14201
[M::ha_hist_line]    12: ****************************************************************************************************> 12666
[M::ha_hist_line]    13: ****************************************************************************************************> 10955
[M::ha_hist_line]    14: ****************************************************************************************************> 9636
[M::ha_hist_line]    15: ****************************************************************************************************> 9301
[M::ha_hist_line]    16: ****************************************************************************************************> 8186
[M::ha_hist_line]    17: **************************************************************************************************** 7285
[M::ha_hist_line]    18: **************************************************************************************************** 7295
[M::ha_hist_line]    19: *********************************************************************************************** 6925
[M::ha_hist_line]    20: ****************************************************************************************** 6562
[M::ha_hist_line]    21: ****************************************************************************** 5724
[M::ha_hist_line]    22: *************************************************************************** 5478
[M::ha_hist_line]    23: ************************************************************************ 5223
[M::ha_hist_line]    24: ******************************************************************** 4975
[M::ha_hist_line]    25: ************************************************************** 4539
[M::ha_hist_line]    26: *********************************************************** 4285
[M::ha_hist_line]    27: ******************************************************** 4062
[M::ha_hist_line]    28: *********************************************** 3395
[M::ha_hist_line]    29: ************************************************** 3628
[M::ha_hist_line]    30: ************************************************ 3502
[M::ha_hist_line]    31: ********************************************* 3277
[M::ha_hist_line]    32: *************************************** 2877
[M::ha_hist_line]    33: *************************************** 2815
[M::ha_hist_line]    34: ************************************ 2613
[M::ha_hist_line]    35: ************************************ 2602
[M::ha_hist_line]    36: ********************************* 2414
[M::ha_hist_line]    37: *********************************** 2529
[M::ha_hist_line]    38: *********************************** 2587
[M::ha_hist_line]    39: ********************************** 2516
[M::ha_hist_line]    40: ********************************** 2470
[M::ha_hist_line]    41: ********************************* 2432
[M::ha_hist_line]    42: ****************************** 2215
[M::ha_hist_line]    43: ******************************** 2309
[M::ha_hist_line]    44: ***************************** 2119
[M::ha_hist_line]    45: **************************** 2063
[M::ha_hist_line]    46: *************************** 1959
[M::ha_hist_line]    47: ************************** 1892
[M::ha_hist_line]    48: ************************* 1842
[M::ha_hist_line]    49: ************************** 1909
[M::ha_hist_line]    50: ************************* 1828
[M::ha_hist_line]    51: ************************** 1915
[M::ha_hist_line]    52: ************************* 1807
[M::ha_hist_line]    53: ********************** 1589
[M::ha_hist_line]    54: ********************** 1638
[M::ha_hist_line]    55: ******************** 1423
[M::ha_hist_line]    56: ******************** 1480
[M::ha_hist_line]    57: ********************* 1559
[M::ha_hist_line]    58: ********************** 1605
[M::ha_hist_line]    59: ************************ 1728
[M::ha_hist_line]    60: ************************* 1801
[M::ha_hist_line]    61: ************************** 1914
[M::ha_hist_line]    62: ************************* 1839
[M::ha_hist_line]    63: ************************** 1865
[M::ha_hist_line]    64: ************************ 1770
[M::ha_hist_line]    65: ************************** 1919
[M::ha_hist_line]    66: *************************** 1935
[M::ha_hist_line]    67: ************************** 1915
[M::ha_hist_line]    68: ************************** 1917
[M::ha_hist_line]    69: ************************* 1837
[M::ha_hist_line]    70: ************************* 1823
[M::ha_hist_line]    71: *********************** 1646
[M::ha_hist_line]    72: ************************ 1742
[M::ha_hist_line]    73: ********************* 1560
[M::ha_hist_line]    74: ********************* 1566
[M::ha_hist_line]    75: ********************** 1570
[M::ha_hist_line]    76: ******************** 1488
[M::ha_hist_line]    77: ******************* 1402
[M::ha_hist_line]    78: ******************** 1445
[M::ha_hist_line]    79: ******************** 1446
[M::ha_hist_line]    80: ******************* 1416
[M::ha_hist_line]    81: ******************* 1357
[M::ha_hist_line]    82: ******************* 1350
[M::ha_hist_line]    83: ****************** 1278
[M::ha_hist_line]    84: ***************** 1258
[M::ha_hist_line]    85: **************** 1174
[M::ha_hist_line]    86: **************** 1198
[M::ha_hist_line]    87: **************** 1137
[M::ha_hist_line]    88: ************* 924
[M::ha_hist_line]    89: *********** 773
[M::ha_hist_line]    90: *********** 835
[M::ha_hist_line]    91: *********** 811
[M::ha_hist_line]    92: *********** 785
[M::ha_hist_line]    93: ********** 703
[M::ha_hist_line]    94: ********* 660
[M::ha_hist_line]    95: ******** 612
[M::ha_hist_line]    96: ********* 629
[M::ha_hist_line]    97: ******* 526
[M::ha_hist_line]    98: ******* 529
[M::ha_hist_line]    99: ******* 512
[M::ha_hist_line]   100: ******* 478
[M::ha_hist_line]   101: ****** 412
[M::ha_hist_line]   102: ****** 423
[M::ha_hist_line]   103: ****** 445
[M::ha_hist_line]   104: ***** 363
[M::ha_hist_line]   105: ***** 372
[M::ha_hist_line]   106: ***** 330
[M::ha_hist_line]   107: ***** 362
[M::ha_hist_line]   108: ***** 361
[M::ha_hist_line]   109: ***** 359
[M::ha_hist_line]   110: ***** 341
[M::ha_hist_line]   111: **** 322
[M::ha_hist_line]   112: ***** 369
[M::ha_hist_line]   113: **** 317
[M::ha_hist_line]   114: **** 314
[M::ha_hist_line]   115: **** 319
[M::ha_hist_line]   116: ***** 337
[M::ha_hist_line]   117: **** 307
[M::ha_hist_line]   118: **** 274
[M::ha_hist_line]   119: **** 267
[M::ha_hist_line]   120: **** 319
[M::ha_hist_line]   121: **** 259
[M::ha_hist_line]   122: **** 277
[M::ha_hist_line]   123: **** 301
[M::ha_hist_line]   124: **** 272
[M::ha_hist_line]   125: ***** 334
[M::ha_hist_line]   126: **** 289
[M::ha_hist_line]   127: **** 291
[M::ha_hist_line]   128: **** 272
[M::ha_hist_line]   129: **** 279
[M::ha_hist_line]   130: **** 303
[M::ha_hist_line]   131: **** 282
[M::ha_hist_line]   132: ***** 339
[M::ha_hist_line]   133: ***** 360
[M::ha_hist_line]   134: ***** 388
[M::ha_hist_line]   135: **** 327
[M::ha_hist_line]   136: ***** 354
[M::ha_hist_line]   137: **** 313
[M::ha_hist_line]   138: **** 328
[M::ha_hist_line]   139: ***** 390
[M::ha_hist_line]   140: **** 300
[M::ha_hist_line]   141: **** 319
[M::ha_hist_line]   142: **** 318
[M::ha_hist_line]   143: ***** 330
[M::ha_hist_line]   144: ***** 346
[M::ha_hist_line]   145: ****** 403
[M::ha_hist_line]   146: ***** 330
[M::ha_hist_line]   147: ***** 346
[M::ha_hist_line]   148: ***** 367
[M::ha_hist_line]   149: ***** 376
[M::ha_hist_line]   150: **** 299
[M::ha_hist_line]   151: **** 280
[M::ha_hist_line]   152: **** 272
[M::ha_hist_line]   153: **** 324
[M::ha_hist_line]   154: **** 272
[M::ha_hist_line]   155: *** 247
[M::ha_hist_line]   156: *** 252
[M::ha_hist_line]   157: *** 236
[M::ha_hist_line]   158: *** 225
[M::ha_hist_line]   159: *** 230
[M::ha_hist_line]   160: *** 190
[M::ha_hist_line]   161: *** 202
[M::ha_hist_line]   162: *** 195
[M::ha_hist_line]   163: ** 138
[M::ha_hist_line]   164: ** 153
[M::ha_hist_line]   165: ** 164
[M::ha_hist_line]   166: ** 181
[M::ha_hist_line]   167: ** 138
[M::ha_hist_line]   168: ** 128
[M::ha_hist_line]   169: ** 167
[M::ha_hist_line]   170: ** 164
[M::ha_hist_line]   171: ** 153
[M::ha_hist_line]   172: ** 135
[M::ha_hist_line]   173: ** 131
[M::ha_hist_line]   174: ** 128
[M::ha_hist_line]   175: ** 141
[M::ha_hist_line]   176: ** 159
[M::ha_hist_line]   177: ** 165
[M::ha_hist_line]   178: ** 170
[M::ha_hist_line]   179: ** 147
[M::ha_hist_line]   180: ** 177
[M::ha_hist_line]   181: ** 141
[M::ha_hist_line]   182: ** 132
[M::ha_hist_line]   183: * 103
[M::ha_hist_line]   184: ** 115
[M::ha_hist_line]   185: ** 119
[M::ha_hist_line]   186: * 94
[M::ha_hist_line]   187: ** 148
[M::ha_hist_line]   188: * 99
[M::ha_hist_line]   189: * 82
[M::ha_hist_line]   190: ** 124
[M::ha_hist_line]   191: * 92
[M::ha_hist_line]   192: * 97
[M::ha_hist_line]   193: * 87
[M::ha_hist_line]  rest: ****** 469
[M::ha_analyze_count] left: none
[M::ha_analyze_count] right: count[29] = 3628
[M::ha_pt_gen] peak_hom: 29; peak_het: 18
[M::ha_ct_shrink::252.335*9.47] ==> counted 2518874 distinct minimizer k-mers
[M::ha_pt_gen::] counting in normal mode
[M::yak_count] collected 25224413 minimizers
[M::ha_pt_gen::255.384*9.46] ==> indexed 19152315 positions, counted 2518874 distinct minimizer k-mers
[M::pec::97.746] # bases: 915045454; # corrected bases: 21583
[M::pec::0.312] # exact o: 3527468; # non-exact o: 191072
[M::ha_assemble::353.450*9.60@17.671GB] ==> corrected reads for round 3
[M::ha_assemble] # bases: 915045454; # corrected bases: 21583
[M::yak_count] collected 25223335 minimizers
[M::ha_pt_gen::356.464*9.59] ==> counted 8585911 distinct minimizer k-mers
[M::ha_pt_gen] count[4095] = 0 (for sanity check)
[M::ha_analyze_count] lowest: count[28] = 3384
[M::ha_analyze_count] highest: count[29] = 3605
[M::ha_hist_line]     1: ****************************************************************************************************> 6068121
[M::ha_hist_line]     2: ****************************************************************************************************> 1304262
[M::ha_hist_line]     3: ****************************************************************************************************> 466193
[M::ha_hist_line]     4: ****************************************************************************************************> 200037
[M::ha_hist_line]     5: ****************************************************************************************************> 102759
[M::ha_hist_line]     6: ****************************************************************************************************> 59869
[M::ha_hist_line]     7: ****************************************************************************************************> 38710
[M::ha_hist_line]     8: ****************************************************************************************************> 28628
[M::ha_hist_line]     9: ****************************************************************************************************> 22364
[M::ha_hist_line]    10: ****************************************************************************************************> 17615
[M::ha_hist_line]    11: ****************************************************************************************************> 14202
[M::ha_hist_line]    12: ****************************************************************************************************> 12639
[M::ha_hist_line]    13: ****************************************************************************************************> 10970
[M::ha_hist_line]    14: ****************************************************************************************************> 9667
[M::ha_hist_line]    15: ****************************************************************************************************> 9300
[M::ha_hist_line]    16: ****************************************************************************************************> 8194
[M::ha_hist_line]    17: ****************************************************************************************************> 7280
[M::ha_hist_line]    18: ****************************************************************************************************> 7275
[M::ha_hist_line]    19: ****************************************************************************************************> 6937
[M::ha_hist_line]    20: ****************************************************************************************************> 6554
[M::ha_hist_line]    21: ****************************************************************************************************> 5727
[M::ha_hist_line]    22: ****************************************************************************************************> 5449
[M::ha_hist_line]    23: ****************************************************************************************************> 5222
[M::ha_hist_line]    24: ****************************************************************************************************> 4970
[M::ha_hist_line]    25: ****************************************************************************************************> 4569
[M::ha_hist_line]    26: ****************************************************************************************************> 4271
[M::ha_hist_line]    27: ****************************************************************************************************> 4065
[M::ha_hist_line]    28: ********************************************************************************************** 3384
[M::ha_hist_line]    29: **************************************************************************************************** 3605
[M::ha_hist_line]    30: ************************************************************************************************* 3513
[M::ha_hist_line]    31: ******************************************************************************************* 3292
[M::ha_hist_line]    32: ******************************************************************************** 2880
[M::ha_hist_line]    33: ****************************************************************************** 2810
[M::ha_hist_line]    34: ************************************************************************ 2608
[M::ha_hist_line]    35: ************************************************************************ 2601
[M::ha_hist_line]    36: ******************************************************************* 2398
[M::ha_hist_line]    37: ********************************************************************** 2523
[M::ha_hist_line]    38: ************************************************************************ 2591
[M::ha_hist_line]    39: ********************************************************************** 2507
[M::ha_hist_line]    40: ********************************************************************* 2474
[M::ha_hist_line]    41: ******************************************************************** 2445
[M::ha_hist_line]    42: ************************************************************** 2221
[M::ha_hist_line]    43: **************************************************************** 2309
[M::ha_hist_line]    44: *********************************************************** 2114
[M::ha_hist_line]    45: ********************************************************* 2069
[M::ha_hist_line]    46: ****************************************************** 1962
[M::ha_hist_line]    47: ***************************************************** 1895
[M::ha_hist_line]    48: *************************************************** 1847
[M::ha_hist_line]    49: ***************************************************** 1912
[M::ha_hist_line]    50: ************************************************** 1819
[M::ha_hist_line]    51: ***************************************************** 1900
[M::ha_hist_line]    52: ************************************************** 1810
[M::ha_hist_line]    53: ******************************************** 1595
[M::ha_hist_line]    54: ********************************************* 1627
[M::ha_hist_line]    55: *************************************** 1415
[M::ha_hist_line]    56: ****************************************** 1499
[M::ha_hist_line]    57: ******************************************* 1551
[M::ha_hist_line]    58: ******************************************** 1598
[M::ha_hist_line]    59: ************************************************ 1725
[M::ha_hist_line]    60: ************************************************** 1801
[M::ha_hist_line]    61: ***************************************************** 1916
[M::ha_hist_line]    62: *************************************************** 1830
[M::ha_hist_line]    63: **************************************************** 1869
[M::ha_hist_line]    64: ************************************************* 1773
[M::ha_hist_line]    65: ***************************************************** 1924
[M::ha_hist_line]    66: ***************************************************** 1905
[M::ha_hist_line]    67: ***************************************************** 1923
[M::ha_hist_line]    68: ****************************************************** 1933
[M::ha_hist_line]    69: *************************************************** 1842
[M::ha_hist_line]    70: *************************************************** 1834
[M::ha_hist_line]    71: ********************************************** 1646
[M::ha_hist_line]    72: ************************************************ 1744
[M::ha_hist_line]    73: ******************************************* 1553
[M::ha_hist_line]    74: ******************************************* 1560
[M::ha_hist_line]    75: ******************************************* 1546
[M::ha_hist_line]    76: ****************************************** 1498
[M::ha_hist_line]    77: *************************************** 1414
[M::ha_hist_line]    78: **************************************** 1456
[M::ha_hist_line]    79: **************************************** 1452
[M::ha_hist_line]    80: *************************************** 1418
[M::ha_hist_line]    81: ************************************* 1351
[M::ha_hist_line]    82: ************************************** 1353
[M::ha_hist_line]    83: *********************************** 1272
[M::ha_hist_line]    84: *********************************** 1254
[M::ha_hist_line]    85: ********************************* 1182
[M::ha_hist_line]    86: ********************************* 1192
[M::ha_hist_line]    87: ******************************** 1142
[M::ha_hist_line]    88: ************************* 914
[M::ha_hist_line]    89: ********************** 788
[M::ha_hist_line]    90: *********************** 830
[M::ha_hist_line]    91: *********************** 813
[M::ha_hist_line]    92: ********************** 784
[M::ha_hist_line]    93: ******************* 701
[M::ha_hist_line]    94: ****************** 665
[M::ha_hist_line]    95: ***************** 603
[M::ha_hist_line]    96: ****************** 641
[M::ha_hist_line]    97: ************** 510
[M::ha_hist_line]    98: *************** 541
[M::ha_hist_line]    99: ************** 514
[M::ha_hist_line]   100: ************* 479
[M::ha_hist_line]   101: *********** 410
[M::ha_hist_line]   102: ************ 423
[M::ha_hist_line]   103: ************ 441
[M::ha_hist_line]   104: ********** 357
[M::ha_hist_line]   105: ********** 378
[M::ha_hist_line]   106: ********* 328
[M::ha_hist_line]   107: ********** 366
[M::ha_hist_line]   108: ********** 359
[M::ha_hist_line]   109: ********** 358
[M::ha_hist_line]   110: ********* 341
[M::ha_hist_line]   111: ********* 315
[M::ha_hist_line]   112: ********** 371
[M::ha_hist_line]   113: ********* 324
[M::ha_hist_line]   114: ******** 303
[M::ha_hist_line]   115: ********* 320
[M::ha_hist_line]   116: ********* 333
[M::ha_hist_line]   117: ********* 309
[M::ha_hist_line]   118: ******** 279
[M::ha_hist_line]   119: ******* 266
[M::ha_hist_line]   120: ********* 321
[M::ha_hist_line]   121: ******* 256
[M::ha_hist_line]   122: ******** 284
[M::ha_hist_line]   123: ******** 299
[M::ha_hist_line]   124: ******** 277
[M::ha_hist_line]   125: ********* 329
[M::ha_hist_line]   126: ******** 291
[M::ha_hist_line]   127: ******** 293
[M::ha_hist_line]   128: ******** 275
[M::ha_hist_line]   129: ******** 285
[M::ha_hist_line]   130: ******** 295
[M::ha_hist_line]   131: ******** 280
[M::ha_hist_line]   132: ********* 331
[M::ha_hist_line]   133: ********** 355
[M::ha_hist_line]   134: *********** 397
[M::ha_hist_line]   135: ********* 329
[M::ha_hist_line]   136: ********** 352
[M::ha_hist_line]   137: ********* 310
[M::ha_hist_line]   138: ********* 337
[M::ha_hist_line]   139: *********** 393
[M::ha_hist_line]   140: ******** 306
[M::ha_hist_line]   141: ********* 317
[M::ha_hist_line]   142: ********* 320
[M::ha_hist_line]   143: ********* 333
[M::ha_hist_line]   144: ********** 347
[M::ha_hist_line]   145: *********** 398
[M::ha_hist_line]   146: ********* 328
[M::ha_hist_line]   147: ********* 339
[M::ha_hist_line]   148: ********** 366
[M::ha_hist_line]   149: *********** 382
[M::ha_hist_line]   150: ******** 293
[M::ha_hist_line]   151: ******** 282
[M::ha_hist_line]   152: ******* 264
[M::ha_hist_line]   153: ********* 327
[M::ha_hist_line]   154: ******** 276
[M::ha_hist_line]   155: ******* 259
[M::ha_hist_line]   156: ******* 244
[M::ha_hist_line]   157: ******* 235
[M::ha_hist_line]   158: ****** 226
[M::ha_hist_line]   159: ****** 225
[M::ha_hist_line]   160: ***** 193
[M::ha_hist_line]   161: ****** 210
[M::ha_hist_line]   162: ***** 188
[M::ha_hist_line]   163: **** 141
[M::ha_hist_line]   164: **** 158
[M::ha_hist_line]   165: ***** 166
[M::ha_hist_line]   166: ***** 174
[M::ha_hist_line]   167: **** 143
[M::ha_hist_line]   168: **** 134
[M::ha_hist_line]   169: ***** 164
[M::ha_hist_line]   170: ***** 164
[M::ha_hist_line]   171: **** 156
[M::ha_hist_line]   172: **** 145
[M::ha_hist_line]   173: **** 129
[M::ha_hist_line]   174: *** 126
[M::ha_hist_line]   175: **** 142
[M::ha_hist_line]   176: ***** 163
[M::ha_hist_line]   177: **** 162
[M::ha_hist_line]   178: ***** 167
[M::ha_hist_line]   179: **** 149
[M::ha_hist_line]   180: ***** 172
[M::ha_hist_line]   181: **** 143
[M::ha_hist_line]   182: **** 131
[M::ha_hist_line]   183: *** 101
[M::ha_hist_line]   184: *** 116
[M::ha_hist_line]   185: *** 117
[M::ha_hist_line]   186: *** 96
[M::ha_hist_line]   187: **** 143
[M::ha_hist_line]   188: *** 106
[M::ha_hist_line]   189: ** 81
[M::ha_hist_line]   190: *** 122
[M::ha_hist_line]   191: *** 92
[M::ha_hist_line]   192: *** 97
[M::ha_hist_line]   193: ** 90
[M::ha_hist_line]   194: * 32
[M::ha_hist_line]   195: * 49
[M::ha_hist_line]   196: * 38
[M::ha_hist_line]  rest: ********** 360
[M::ha_analyze_count] left: none
[M::ha_analyze_count] right: count[38] = 2591
[M::ha_pt_gen] peak_hom: 38; peak_het: 29
[M::ha_ct_shrink::356.489*9.59] ==> counted 2517790 distinct minimizer k-mers
[M::ha_pt_gen::] counting in normal mode
[M::yak_count] collected 25223335 minimizers
[M::ha_pt_gen::359.542*9.58] ==> indexed 19155214 positions, counted 2517790 distinct minimizer k-mers
[M::ha_print_ovlp_stat_0] # overlaps: 3725756
[M::ha_print_ovlp_stat_0] # strong overlaps: 2582060
[M::ha_print_ovlp_stat_0] # weak overlaps: 1143696
[M::ha_print_ovlp_stat_0] # exact overlaps: 3521950
[M::ha_print_ovlp_stat_0] # inexact overlaps: 203806
[M::ha_print_ovlp_stat_0] # overlaps without large indels: 3711834
[M::ha_print_ovlp_stat_0] # reverse overlaps: 5451888
[M::ha_print_ovlp_stat_0] # running time: 19.451
[M::ha_assemble::379.010*9.59@17.671GB] ==> found overlaps for the final round
[M::ha_opt_update_cov_min] updated max_n_chain to 190
Writing reads to disk... 
Reads has been written.
Writing ma_hit_ts to disk... 
ma_hit_ts has been written.
Writing ma_hit_ts to disk... 
ma_hit_ts has been written.
bin files have been written.
[M::purge_dups] homozygous read coverage threshold: 37
[M::purge_dups] purge duplication coverage threshold: 47
[M::ug_ext_gfa::] # tips::471
Writing raw unitig GFA to disk... 
Writing processed unitig GFA to disk... 
[M::purge_dups] homozygous read coverage threshold: 37
[M::purge_dups] purge duplication coverage threshold: 47
[M::mc_solve:: # edges: 3876]
[M::mc_solve_core_adv::0.156] ==> Partition
[M::adjust_utg_by_primary] primary contig coverage range: [31, infinity]
Writing /sc/arion/scratch/arayan01/projects/nanopore/results/run_hifiasm/RS411-Targeted-HiFi/RS411-Targeted-HiFi.asm.bp.p_ctg.gfa to disk... 
[M::reduce_hamming_error_adv::0.010] # inserted edges: 46, # fixed bubbles: 7
[M::adjust_utg_by_trio] primary contig coverage range: [31, infinity]
[M::recall_arcs] # transitive arcs::6
[M::recall_arcs] # new arcs::1594, # old arcs::966
[M::clean_trio_untig_graph] # adjusted arcs::0
[M::adjust_utg_by_trio] primary contig coverage range: [31, infinity]
[M::recall_arcs] # transitive arcs::8
[M::recall_arcs] # new arcs::1604, # old arcs::1012
[M::clean_trio_untig_graph] # adjusted arcs::0
[M::output_trio_graph_joint] dedup_base::3751995, miss_base::0
Writing /sc/arion/scratch/arayan01/projects/nanopore/results/run_hifiasm/RS411-Targeted-HiFi/RS411-Targeted-HiFi.asm.bp.hap1.p_ctg.gfa to disk... 
Writing /sc/arion/scratch/arayan01/projects/nanopore/results/run_hifiasm/RS411-Targeted-HiFi/RS411-Targeted-HiFi.asm.bp.hap2.p_ctg.gfa to disk... 
Inconsistency threshold for low-quality regions in BED files: 70%
[M::main] Version: 0.25.0-r726
[M::main] CMD: /sc/arion/work/arayan01/project/nanopore/data/hifiasm/hifiasm -o /sc/arion/scratch/arayan01/projects/nanopore/results/run_hifiasm/RS411-Targeted-HiFi/RS411-Targeted-HiFi.asm -t 10 /sc/arion/scratch/arayan01/projects/nanopore/data/Pacbio/hifi-reads/data/2022-09-21_Seq_CW48_10-12/demultiplex.bc1017--bc1017.fastq
[M::main] Real time: 387.704 sec; CPU: 3644.122 sec; Peak RSS: 17.671 GB
[M::main] Version: 0.4-r214-dirty
[M::main] CMD: gfatools gfa2fa /sc/arion/scratch/arayan01/projects/nanopore/results/run_hifiasm/RS411-Targeted-HiFi/RS411-Targeted-HiFi.asm.bp.hap1.p_ctg.gfa
[M::main] Real time: 0.099 sec; CPU: 0.099 sec
[M::main] Version: 0.4-r214-dirty
[M::main] CMD: gfatools gfa2fa /sc/arion/scratch/arayan01/projects/nanopore/results/run_hifiasm/RS411-Targeted-HiFi/RS411-Targeted-HiFi.asm.bp.hap2.p_ctg.gfa
[M::main] Real time: 0.040 sec; CPU: 0.041 sec
