Sender: LSF System <lsfadmin@lc07e47>
Subject: Job 201335164: <bash -c "samtools stats /sc/arion/scratch/arayan01/projects/nanopore/results/alignments/RS4-11.bam chr14:105526583-106879811 > /sc/arion/scratch/arayan01/projects/nanopore/results/alignments/stats/RS4-11_IGH_stats.txt"> in cluster <chimera> Done

Job <bash -c "samtools stats /sc/arion/scratch/arayan01/projects/nanopore/results/alignments/RS4-11.bam chr14:105526583-106879811 > /sc/arion/scratch/arayan01/projects/nanopore/results/alignments/stats/RS4-11_IGH_stats.txt"> was submitted from host <li04e02> by user <arayan01> in cluster <chimera> at Tue Sep 16 13:43:04 2025
Job was executed on host(s) <10*lc07e47>, in queue <premium>, as user <arayan01> in cluster <chimera> at Tue Sep 16 13:43:08 2025
</hpc/users/arayan01> was used as the home directory.
</sc/arion/scratch/arayan01/projects> was used as the working directory.
Started at Tue Sep 16 13:43:08 2025
Terminated at Tue Sep 16 13:43:10 2025
Results reported at Tue Sep 16 13:43:10 2025

Your job looked like:

------------------------------------------------------------
# LSBATCH: User input
bash -c "samtools stats /sc/arion/scratch/arayan01/projects/nanopore/results/alignments/RS4-11.bam chr14:105526583-106879811 > /sc/arion/scratch/arayan01/projects/nanopore/results/alignments/stats/RS4-11_IGH_stats.txt"
------------------------------------------------------------

Successfully completed.

Resource usage summary:

    CPU time :                                   1.50 sec.
    Max Memory :                                 374 MB
    Average Memory :                             374.00 MB
    Total Requested Memory :                     400000.00 MB
    Delta Memory :                               399626.00 MB
    Max Swap :                                   -
    Max Processes :                              4
    Max Threads :                                5
    Run time :                                   2 sec.
    Turnaround time :                            6 sec.

The output (if any) follows:



PS:

Read file </sc/arion/work/arayan01/project/nanopore/results/errors/RS4-11_IGH.err> for stderr output of this job.

