Sender: LSF System <lsfadmin@lc06e22>
Subject: Job 201335211: <bash -c ";                 samtools stats /sc/arion/scratch/arayan01/projects/nanopore/results/alignments/RS4-11.bam > /sc/arion/scratch/arayan01/projects/nanopore/results/alignments/stats_coverage/RS4-11_stats.txt &&                  samtools bedcov /sc/arion/scratch/arayan01/projects/nanopore/results/alignments/stats_coverage/IG_regions.bed /sc/arion/scratch/arayan01/projects/nanopore/results/alignments/RS4-11.bam > /sc/arion/scratch/arayan01/projects/nanopore/results/alignments/stats_coverage/RS4-11_coverage.txt;             "> in cluster <chimera> Done

Job <bash -c ";                 samtools stats /sc/arion/scratch/arayan01/projects/nanopore/results/alignments/RS4-11.bam > /sc/arion/scratch/arayan01/projects/nanopore/results/alignments/stats_coverage/RS4-11_stats.txt &&                  samtools bedcov /sc/arion/scratch/arayan01/projects/nanopore/results/alignments/stats_coverage/IG_regions.bed /sc/arion/scratch/arayan01/projects/nanopore/results/alignments/RS4-11.bam > /sc/arion/scratch/arayan01/projects/nanopore/results/alignments/stats_coverage/RS4-11_coverage.txt;             "> was submitted from host <li04e02> by user <arayan01> in cluster <chimera> at Tue Sep 16 13:48:20 2025
Job was executed on host(s) <10*lc06e22>, in queue <premium>, as user <arayan01> in cluster <chimera> at Tue Sep 16 13:48:23 2025
</hpc/users/arayan01> was used as the home directory.
</sc/arion/scratch/arayan01/projects> was used as the working directory.
Started at Tue Sep 16 13:48:23 2025
Terminated at Tue Sep 16 14:20:19 2025
Results reported at Tue Sep 16 14:20:19 2025

Your job looked like:

------------------------------------------------------------
# LSBATCH: User input
bash -c "
                 samtools stats /sc/arion/scratch/arayan01/projects/nanopore/results/alignments/RS4-11.bam > /sc/arion/scratch/arayan01/projects/nanopore/results/alignments/stats_coverage/RS4-11_stats.txt &&
                 samtools bedcov /sc/arion/scratch/arayan01/projects/nanopore/results/alignments/stats_coverage/IG_regions.bed /sc/arion/scratch/arayan01/projects/nanopore/results/alignments/RS4-11.bam > /sc/arion/scratch/arayan01/projects/nanopore/results/alignments/stats_coverage/RS4-11_coverage.txt
             "
------------------------------------------------------------

Successfully completed.

Resource usage summary:

    CPU time :                                   1910.16 sec.
    Max Memory :                                 3952 MB
    Average Memory :                             3902.57 MB
    Total Requested Memory :                     400000.00 MB
    Delta Memory :                               396048.00 MB
    Max Swap :                                   -
    Max Processes :                              4
    Max Threads :                                5
    Run time :                                   1916 sec.
    Turnaround time :                            1919 sec.

The output (if any) follows:



PS:

Read file </sc/arion/work/arayan01/project/nanopore/results/errors/RS4-11.err> for stderr output of this job.

Sender: LSF System <lsfadmin@lc07e60>
Subject: Job 201336521: <bash -c "samtools bedcov /sc/arion/scratch/arayan01/projects/nanopore/results/alignments/coverage/IG_regions.bed /sc/arion/scratch/arayan01/projects/nanopore/results/alignments/RS4-11.bam > /sc/arion/scratch/arayan01/projects/nanopore/results/alignments/coverage/RS4-11_coverage.txt"> in cluster <chimera> Done

Job <bash -c "samtools bedcov /sc/arion/scratch/arayan01/projects/nanopore/results/alignments/coverage/IG_regions.bed /sc/arion/scratch/arayan01/projects/nanopore/results/alignments/RS4-11.bam > /sc/arion/scratch/arayan01/projects/nanopore/results/alignments/coverage/RS4-11_coverage.txt"> was submitted from host <li04e02> by user <arayan01> in cluster <chimera> at Tue Sep 16 14:26:55 2025
Job was executed on host(s) <10*lc07e60>, in queue <premium>, as user <arayan01> in cluster <chimera> at Tue Sep 16 14:26:58 2025
</hpc/users/arayan01> was used as the home directory.
</sc/arion/scratch/arayan01/projects/nanopore/results/alignments> was used as the working directory.
Started at Tue Sep 16 14:26:58 2025
Terminated at Tue Sep 16 14:26:59 2025
Results reported at Tue Sep 16 14:26:59 2025

Your job looked like:

------------------------------------------------------------
# LSBATCH: User input
bash -c "samtools bedcov /sc/arion/scratch/arayan01/projects/nanopore/results/alignments/coverage/IG_regions.bed /sc/arion/scratch/arayan01/projects/nanopore/results/alignments/RS4-11.bam > /sc/arion/scratch/arayan01/projects/nanopore/results/alignments/coverage/RS4-11_coverage.txt"
------------------------------------------------------------

Successfully completed.

Resource usage summary:

    CPU time :                                   0.08 sec.
    Max Memory :                                 33 MB
    Average Memory :                             33.00 MB
    Total Requested Memory :                     400000.00 MB
    Delta Memory :                               399967.00 MB
    Max Swap :                                   -
    Max Processes :                              4
    Max Threads :                                5
    Run time :                                   1 sec.
    Turnaround time :                            4 sec.

The output (if any) follows:



PS:

Read file </sc/arion/work/arayan01/project/nanopore/results/errors/RS4-11.err> for stderr output of this job.

