Sender: LSF System <lsfadmin@lc07e33>
Subject: Job 201590281: <bash -c ";                /sc/arion/work/arayan01/project/nanopore/data/hifiasm/hifiasm -o /sc/arion/scratch/arayan01/projects/nanopore/results/run_hifiasm/SEM-combined/SEM-combined.asm -t 10 /sc/arion/scratch/arayan01/projects/nanopore/data/Pacbio/hifi-reads/2024-04-17_human_wgs/1_A01/hifi_reads/m84248_240410_212543_s1.hifi_reads.fastq.gz /sc/arion/scratch/arayan01/projects/nanopore/data/Pacbio/hifi-reads/data/2022-08-29_CW48_7-8/demultiplex.bc1058--bc1058.fastq &&                 gfatools gfa2fa /sc/arion/scratch/arayan01/projects/nanopore/results/run_hifiasm/SEM-combined/SEM-combined.asm.bp.hap1.p_ctg.gfa > /sc/arion/scratch/arayan01/projects/nanopore/results/run_hifiasm/SEM-combined/SEM-combined-hap1.fasta &&                 gfatools gfa2fa /sc/arion/scratch/arayan01/projects/nanopore/results/run_hifiasm/SEM-combined/SEM-combined.asm.bp.hap2.p_ctg.gfa > /sc/arion/scratch/arayan01/projects/nanopore/results/run_hifiasm/SEM-combined/SEM-combined-hap2.fasta;            "> in cluster <chimera> Done

Job <bash -c ";                /sc/arion/work/arayan01/project/nanopore/data/hifiasm/hifiasm -o /sc/arion/scratch/arayan01/projects/nanopore/results/run_hifiasm/SEM-combined/SEM-combined.asm -t 10 /sc/arion/scratch/arayan01/projects/nanopore/data/Pacbio/hifi-reads/2024-04-17_human_wgs/1_A01/hifi_reads/m84248_240410_212543_s1.hifi_reads.fastq.gz /sc/arion/scratch/arayan01/projects/nanopore/data/Pacbio/hifi-reads/data/2022-08-29_CW48_7-8/demultiplex.bc1058--bc1058.fastq &&                 gfatools gfa2fa /sc/arion/scratch/arayan01/projects/nanopore/results/run_hifiasm/SEM-combined/SEM-combined.asm.bp.hap1.p_ctg.gfa > /sc/arion/scratch/arayan01/projects/nanopore/results/run_hifiasm/SEM-combined/SEM-combined-hap1.fasta &&                 gfatools gfa2fa /sc/arion/scratch/arayan01/projects/nanopore/results/run_hifiasm/SEM-combined/SEM-combined.asm.bp.hap2.p_ctg.gfa > /sc/arion/scratch/arayan01/projects/nanopore/results/run_hifiasm/SEM-combined/SEM-combined-hap2.fasta;            "> was submitted from host <li04e03> by user <arayan01> in cluster <chimera> at Thu Sep 18 00:09:11 2025
Job was executed on host(s) <10*lc07e33>, in queue <premium>, as user <arayan01> in cluster <chimera> at Thu Sep 18 00:09:15 2025
</hpc/users/arayan01> was used as the home directory.
</sc/arion/work/arayan01/project> was used as the working directory.
Started at Thu Sep 18 00:09:15 2025
Terminated at Thu Sep 18 00:56:39 2025
Results reported at Thu Sep 18 00:56:39 2025

Your job looked like:

------------------------------------------------------------
# LSBATCH: User input
bash -c "
                /sc/arion/work/arayan01/project/nanopore/data/hifiasm/hifiasm -o /sc/arion/scratch/arayan01/projects/nanopore/results/run_hifiasm/SEM-combined/SEM-combined.asm -t 10 /sc/arion/scratch/arayan01/projects/nanopore/data/Pacbio/hifi-reads/2024-04-17_human_wgs/1_A01/hifi_reads/m84248_240410_212543_s1.hifi_reads.fastq.gz /sc/arion/scratch/arayan01/projects/nanopore/data/Pacbio/hifi-reads/data/2022-08-29_CW48_7-8/demultiplex.bc1058--bc1058.fastq &&
                gfatools gfa2fa /sc/arion/scratch/arayan01/projects/nanopore/results/run_hifiasm/SEM-combined/SEM-combined.asm.bp.hap1.p_ctg.gfa > /sc/arion/scratch/arayan01/projects/nanopore/results/run_hifiasm/SEM-combined/SEM-combined-hap1.fasta &&
                gfatools gfa2fa /sc/arion/scratch/arayan01/projects/nanopore/results/run_hifiasm/SEM-combined/SEM-combined.asm.bp.hap2.p_ctg.gfa > /sc/arion/scratch/arayan01/projects/nanopore/results/run_hifiasm/SEM-combined/SEM-combined-hap2.fasta
            "
------------------------------------------------------------

Successfully completed.

Resource usage summary:

    CPU time :                                   26238.00 sec.
    Max Memory :                                 19264 MB
    Average Memory :                             6026.03 MB
    Total Requested Memory :                     400000.00 MB
    Delta Memory :                               380736.00 MB
    Max Swap :                                   -
    Max Processes :                              4
    Max Threads :                                28
    Run time :                                   2844 sec.
    Turnaround time :                            2848 sec.

The output (if any) follows:



PS:

Read file </sc/arion/work/arayan01/project/nanopore/results/errors/SEM-combined.err> for stderr output of this job.

