Sender: LSF System <lsfadmin@lc06e43>
Subject: Job 201335165: <bash -c "samtools stats /sc/arion/scratch/arayan01/projects/nanopore/results/alignments/SEM.bam chr22:21957025-23125032 > /sc/arion/scratch/arayan01/projects/nanopore/results/alignments/stats/SEM_IGL_stats.txt"> in cluster <chimera> Done

Job <bash -c "samtools stats /sc/arion/scratch/arayan01/projects/nanopore/results/alignments/SEM.bam chr22:21957025-23125032 > /sc/arion/scratch/arayan01/projects/nanopore/results/alignments/stats/SEM_IGL_stats.txt"> was submitted from host <li04e02> by user <arayan01> in cluster <chimera> at Tue Sep 16 13:43:04 2025
Job was executed on host(s) <10*lc06e43>, in queue <premium>, as user <arayan01> in cluster <chimera> at Tue Sep 16 13:43:08 2025
</hpc/users/arayan01> was used as the home directory.
</sc/arion/scratch/arayan01/projects> was used as the working directory.
Started at Tue Sep 16 13:43:08 2025
Terminated at Tue Sep 16 13:43:11 2025
Results reported at Tue Sep 16 13:43:11 2025

Your job looked like:

------------------------------------------------------------
# LSBATCH: User input
bash -c "samtools stats /sc/arion/scratch/arayan01/projects/nanopore/results/alignments/SEM.bam chr22:21957025-23125032 > /sc/arion/scratch/arayan01/projects/nanopore/results/alignments/stats/SEM_IGL_stats.txt"
------------------------------------------------------------

Successfully completed.

Resource usage summary:

    CPU time :                                   2.16 sec.
    Max Memory :                                 1267 MB
    Average Memory :                             1052.50 MB
    Total Requested Memory :                     400000.00 MB
    Delta Memory :                               398733.00 MB
    Max Swap :                                   -
    Max Processes :                              4
    Max Threads :                                5
    Run time :                                   3 sec.
    Turnaround time :                            7 sec.

The output (if any) follows:



PS:

Read file </sc/arion/work/arayan01/project/nanopore/results/errors/SEM_IGL.err> for stderr output of this job.

